2020-05-23 14:16:51,448 INFO o.a.j.u.JMeterUtils: Setting Locale to en_EN
2020-05-23 14:16:51,483 INFO o.a.j.JMeter: Loading user properties from: /usr/local/Cellar/jmeter/5.2.1/libexec/bin/user.properties
2020-05-23 14:16:51,483 INFO o.a.j.JMeter: Loading system properties from: /usr/local/Cellar/jmeter/5.2.1/libexec/bin/system.properties
2020-05-23 14:16:51,485 INFO o.a.j.JMeter: Copyright (c) 1998-2019 The Apache Software Foundation
2020-05-23 14:16:51,485 INFO o.a.j.JMeter: Version 5.2.1
2020-05-23 14:16:51,485 INFO o.a.j.JMeter: java.version=11.0.4
2020-05-23 14:16:51,485 INFO o.a.j.JMeter: java.vm.name=OpenJDK 64-Bit Server VM
2020-05-23 14:16:51,485 INFO o.a.j.JMeter: os.name=Mac OS X
2020-05-23 14:16:51,485 INFO o.a.j.JMeter: os.arch=x86_64
2020-05-23 14:16:51,485 INFO o.a.j.JMeter: os.version=10.15.4
2020-05-23 14:16:51,485 INFO o.a.j.JMeter: file.encoding=UTF-8
2020-05-23 14:16:51,485 INFO o.a.j.JMeter: java.awt.headless=null
2020-05-23 14:16:51,486 INFO o.a.j.JMeter: Max memory     =1073741824
2020-05-23 14:16:51,486 INFO o.a.j.JMeter: Available Processors =8
2020-05-23 14:16:51,496 INFO o.a.j.JMeter: Default Locale=English (EN)
2020-05-23 14:16:51,496 INFO o.a.j.JMeter: JMeter  Locale=English (EN)
2020-05-23 14:16:51,496 INFO o.a.j.JMeter: JMeterHome=/usr/local/Cellar/jmeter/5.2.1/libexec
2020-05-23 14:16:51,497 INFO o.a.j.JMeter: user.dir  =/Users/stopshark/Documents/es20tg_36-project/backend
2020-05-23 14:16:51,497 INFO o.a.j.JMeter: PWD       =/Users/stopshark/Documents/es20tg_36-project/backend
2020-05-23 14:16:51,518 INFO o.a.j.JMeter: IP: 192.168.1.10 Name: the-communist-manifesto.local FullName: 192.168.1.10
2020-05-23 14:16:53,174 INFO o.a.j.g.a.LookAndFeelCommand: Installing Darcula LAF
2020-05-23 14:16:53,183 INFO o.a.j.g.a.LookAndFeelCommand: Using look and feel: com.bulenkov.darcula.DarculaLaf [Darcula]
2020-05-23 14:16:53,183 INFO o.a.j.JMeter: Setting LAF to: com.bulenkov.darcula.DarculaLaf
2020-05-23 14:16:53,291 INFO o.a.j.JMeter: Loaded icon properties from org/apache/jmeter/images/icon.properties
2020-05-23 14:16:54,043 INFO o.j.r.JARSourceHTTP: Requesting https://jmeter-plugins.org/repo/?installID=mac_os_x-55140efd73da0831194ac368840b7763-gui
2020-05-23 14:16:55,978 INFO o.j.r.PluginManager: Plugins Status: [jpgc-plugins-manager=1.3, jmeter-core=5.2.1, jmeter-ftp=5.2.1, jmeter-http=5.2.1, jmeter-jdbc=5.2.1, jmeter-jms=5.2.1, jmeter-junit=5.2.1, jmeter-java=5.2.1, jmeter-ldap=5.2.1, jmeter-mail=5.2.1, jmeter-mongodb=5.2.1, jmeter-native=5.2.1, jmeter-tcp=5.2.1, jmeter-components=5.2.1]
2020-05-23 14:16:55,979 INFO o.j.r.PluginManagerMenuItem: Plugins Manager has upgrades: [jpgc-plugins-manager]
2020-05-23 14:16:56,010 INFO o.a.j.p.h.s.HTTPSamplerBase: Parser for text/html is org.apache.jmeter.protocol.http.parser.LagartoBasedHtmlParser
2020-05-23 14:16:56,010 INFO o.a.j.p.h.s.HTTPSamplerBase: Parser for application/xhtml+xml is org.apache.jmeter.protocol.http.parser.LagartoBasedHtmlParser
2020-05-23 14:16:56,010 INFO o.a.j.p.h.s.HTTPSamplerBase: Parser for application/xml is org.apache.jmeter.protocol.http.parser.LagartoBasedHtmlParser
2020-05-23 14:16:56,010 INFO o.a.j.p.h.s.HTTPSamplerBase: Parser for text/xml is org.apache.jmeter.protocol.http.parser.LagartoBasedHtmlParser
2020-05-23 14:16:56,011 INFO o.a.j.p.h.s.HTTPSamplerBase: Parser for text/vnd.wap.wml is org.apache.jmeter.protocol.http.parser.RegexpHTMLParser
2020-05-23 14:16:56,011 INFO o.a.j.p.h.s.HTTPSamplerBase: Parser for text/css is org.apache.jmeter.protocol.http.parser.CssParser
2020-05-23 14:16:56,387 INFO o.a.j.e.KeyToolUtils: keytool found at 'keytool'
2020-05-23 14:16:56,387 INFO o.a.j.p.h.p.ProxyControl: HTTP(S) Test Script Recorder SSL Proxy will use keys that support embedded 3rd party resources in file /usr/local/Cellar/jmeter/5.2.1/libexec/bin/proxyserver.jks
2020-05-23 14:16:56,534 INFO o.a.j.s.FileServer: Default base='/Users/stopshark/Documents/es20tg_36-project/backend'
2020-05-23 14:16:56,837 INFO o.a.j.s.SampleResult: Note: Sample TimeStamps are START times
2020-05-23 14:16:56,837 INFO o.a.j.s.SampleResult: sampleresult.default.encoding is set to ISO-8859-1
2020-05-23 14:16:56,837 INFO o.a.j.s.SampleResult: sampleresult.useNanoTime=true
2020-05-23 14:16:56,837 INFO o.a.j.s.SampleResult: sampleresult.nanoThreadSleep=5000
2020-05-23 14:16:56,857 INFO o.a.j.v.ViewResultsFullVisualizer: Add JavaFX to your Java installation if you want to use renderer: org.apache.jmeter.visualizers.RenderInBrowser
2020-05-23 14:17:12,694 INFO o.a.j.g.a.Load: Loading file: /Users/stopshark/Documents/es20tg_36-project/backend/jmeter/administration/WSCreateSuggestionFeatureTest.jmx
2020-05-23 14:17:12,695 INFO o.a.j.s.FileServer: Set new base='/Users/stopshark/Documents/es20tg_36-project/backend/jmeter/administration'
2020-05-23 14:17:12,835 INFO o.a.j.s.SaveService: Testplan (JMX) version: 2.2. Testlog (JTL) version: 2.2
2020-05-23 14:17:12,841 INFO o.a.j.s.SaveService: Using SaveService properties version 5.0
2020-05-23 14:17:12,842 INFO o.a.j.s.SaveService: Using SaveService properties file encoding UTF-8
2020-05-23 14:17:12,844 INFO o.a.j.s.SaveService: Loading file: /Users/stopshark/Documents/es20tg_36-project/backend/jmeter/administration/WSCreateSuggestionFeatureTest.jmx
2020-05-23 14:17:13,071 INFO o.a.j.v.ViewResultsFullVisualizer: Add JavaFX to your Java installation if you want to use renderer: org.apache.jmeter.visualizers.RenderInBrowser
2020-05-23 14:17:13,143 INFO o.a.j.v.ViewResultsFullVisualizer: Add JavaFX to your Java installation if you want to use renderer: org.apache.jmeter.visualizers.RenderInBrowser
2020-05-23 14:17:13,172 INFO o.a.j.s.FileServer: Set new base='/Users/stopshark/Documents/es20tg_36-project/backend/jmeter/administration'
2020-05-23 14:17:48,584 INFO o.a.j.e.StandardJMeterEngine: Running the test!
2020-05-23 14:17:48,586 INFO o.a.j.s.SampleEvent: List of sample_variables: []
2020-05-23 14:17:48,586 INFO o.a.j.s.SampleEvent: List of sample_variables: []
2020-05-23 14:17:48,591 INFO o.a.j.e.u.CompoundVariable: Note: Function class names must contain the string: '.functions.'
2020-05-23 14:17:48,592 INFO o.a.j.e.u.CompoundVariable: Note: Function class names must not contain the string: '.gui.'
2020-05-23 14:17:48,951 ERROR o.a.j.u.BeanShellInterpreter: Error invoking bsh method: eval	In file: inline evaluation of: ``import org.apache.jmeter.services.FileServer fileserver.getFileServer().getBaseD . . . '' Encountered "fileserver" at line 1, column 46.

2020-05-23 14:17:48,951 WARN o.a.j.f.BeanShell: Error running BSH script
org.apache.jorphan.util.JMeterException: Error invoking bsh method: eval	In file: inline evaluation of: ``import org.apache.jmeter.services.FileServer fileserver.getFileServer().getBaseD . . . '' Encountered "fileserver" at line 1, column 46.

	at org.apache.jmeter.util.BeanShellInterpreter.bshInvoke(BeanShellInterpreter.java:180) ~[ApacheJMeter_core.jar:5.2.1]
	at org.apache.jmeter.util.BeanShellInterpreter.eval(BeanShellInterpreter.java:186) ~[ApacheJMeter_core.jar:5.2.1]
	at org.apache.jmeter.functions.BeanShell.execute(BeanShell.java:100) [ApacheJMeter_functions.jar:5.2.1]
	at org.apache.jmeter.engine.util.CompoundVariable.execute(CompoundVariable.java:136) [ApacheJMeter_core.jar:5.2.1]
	at org.apache.jmeter.engine.util.CompoundVariable.execute(CompoundVariable.java:111) [ApacheJMeter_core.jar:5.2.1]
	at org.apache.jmeter.testelement.property.FunctionProperty.getStringValue(FunctionProperty.java:92) [ApacheJMeter_core.jar:5.2.1]
	at org.apache.jmeter.testelement.AbstractTestElement.getPropertyAsString(AbstractTestElement.java:281) [ApacheJMeter_core.jar:5.2.1]
	at org.apache.jmeter.config.Argument.getValue(Argument.java:146) [ApacheJMeter_core.jar:5.2.1]
	at org.apache.jmeter.config.Arguments.getArgumentsAsMap(Arguments.java:94) [ApacheJMeter_core.jar:5.2.1]
	at org.apache.jmeter.engine.PreCompiler.createArgumentsMap(PreCompiler.java:114) [ApacheJMeter_core.jar:5.2.1]
	at org.apache.jmeter.engine.PreCompiler.addNode(PreCompiler.java:101) [ApacheJMeter_core.jar:5.2.1]
	at org.apache.jorphan.collections.HashTree.traverseInto(HashTree.java:994) [jorphan.jar:5.2.1]
	at org.apache.jorphan.collections.HashTree.traverse(HashTree.java:977) [jorphan.jar:5.2.1]
	at org.apache.jmeter.engine.StandardJMeterEngine.run(StandardJMeterEngine.java:362) [ApacheJMeter_core.jar:5.2.1]
	at java.lang.Thread.run(Thread.java:834) [?:?]
Caused by: java.lang.reflect.InvocationTargetException
	at jdk.internal.reflect.NativeMethodAccessorImpl.invoke0(Native Method) ~[?:?]
	at jdk.internal.reflect.NativeMethodAccessorImpl.invoke(NativeMethodAccessorImpl.java:62) ~[?:?]
	at jdk.internal.reflect.DelegatingMethodAccessorImpl.invoke(DelegatingMethodAccessorImpl.java:43) ~[?:?]
	at java.lang.reflect.Method.invoke(Method.java:566) ~[?:?]
	at org.apache.jmeter.util.BeanShellInterpreter.bshInvoke(BeanShellInterpreter.java:163) ~[ApacheJMeter_core.jar:5.2.1]
	... 14 more
Caused by: bsh.ParseException: In file: inline evaluation of: ``import org.apache.jmeter.services.FileServer fileserver.getFileServer().getBaseD . . . '' Encountered "fileserver" at line 1, column 46.

	at bsh.Parser.generateParseException(Parser.java:6106) ~[bsh-2.0b6.jar:2.0b6 2016-02-05 05:16:19]
	at bsh.Parser.jj_consume_token(Parser.java:5977) ~[bsh-2.0b6.jar:2.0b6 2016-02-05 05:16:19]
	at bsh.Parser.ImportDeclaration(Parser.java:480) ~[bsh-2.0b6.jar:2.0b6 2016-02-05 05:16:19]
	at bsh.Parser.BlockStatement(Parser.java:2823) ~[bsh-2.0b6.jar:2.0b6 2016-02-05 05:16:19]
	at bsh.Parser.Line(Parser.java:172) ~[bsh-2.0b6.jar:2.0b6 2016-02-05 05:16:19]
	at bsh.Interpreter.Line(Interpreter.java:1011) ~[bsh-2.0b6.jar:2.0b6 2016-02-05 05:16:19]
	at bsh.Interpreter.eval(Interpreter.java:641) ~[bsh-2.0b6.jar:2.0b6 2016-02-05 05:16:19]
	at bsh.Interpreter.eval(Interpreter.java:750) ~[bsh-2.0b6.jar:2.0b6 2016-02-05 05:16:19]
	at bsh.Interpreter.eval(Interpreter.java:739) ~[bsh-2.0b6.jar:2.0b6 2016-02-05 05:16:19]
	at jdk.internal.reflect.NativeMethodAccessorImpl.invoke0(Native Method) ~[?:?]
	at jdk.internal.reflect.NativeMethodAccessorImpl.invoke(NativeMethodAccessorImpl.java:62) ~[?:?]
	at jdk.internal.reflect.DelegatingMethodAccessorImpl.invoke(DelegatingMethodAccessorImpl.java:43) ~[?:?]
	at java.lang.reflect.Method.invoke(Method.java:566) ~[?:?]
	at org.apache.jmeter.util.BeanShellInterpreter.bshInvoke(BeanShellInterpreter.java:163) ~[ApacheJMeter_core.jar:5.2.1]
	... 14 more
2020-05-23 14:17:48,965 INFO o.a.j.g.u.JMeterMenuBar: setRunning(true, *local*)
2020-05-23 14:17:49,017 INFO o.a.j.e.StandardJMeterEngine: Starting ThreadGroup: 1 : Users Thread Group
2020-05-23 14:17:49,018 INFO o.a.j.e.StandardJMeterEngine: Starting 1 threads for group Users Thread Group.
2020-05-23 14:17:49,018 INFO o.a.j.e.StandardJMeterEngine: Thread will continue on error
2020-05-23 14:17:49,018 INFO o.a.j.t.ThreadGroup: Starting thread group... number=1 threads=1 ramp-up=1 delayedStart=false
2020-05-23 14:17:49,021 INFO o.a.j.t.ThreadGroup: Started thread group number 1
2020-05-23 14:17:49,022 INFO o.a.j.e.StandardJMeterEngine: All thread groups have been started
2020-05-23 14:17:49,024 INFO o.a.j.t.JMeterThread: Thread started: Users Thread Group 1-1
2020-05-23 14:17:49,034 INFO o.a.j.p.h.s.HTTPHCAbstractImpl: Local host = the-communist-manifesto.local
2020-05-23 14:17:49,040 INFO o.a.j.p.h.s.HTTPHC4Impl: HTTP request retry count = 0
2020-05-23 14:17:49,749 INFO o.a.j.t.JMeterThread: Thread is done: Users Thread Group 1-1
2020-05-23 14:17:49,750 INFO o.a.j.t.JMeterThread: Thread finished: Users Thread Group 1-1
2020-05-23 14:17:49,750 INFO o.a.j.e.StandardJMeterEngine: Starting tearDown thread groups
2020-05-23 14:17:49,750 INFO o.a.j.e.StandardJMeterEngine: Starting tearDown ThreadGroup: 1 : tearDown Thread Group
2020-05-23 14:17:49,750 INFO o.a.j.e.StandardJMeterEngine: Starting 1 threads for group tearDown Thread Group.
2020-05-23 14:17:49,751 INFO o.a.j.e.StandardJMeterEngine: Thread will continue on error
2020-05-23 14:17:49,751 INFO o.a.j.t.ThreadGroup: Starting thread group... number=1 threads=1 ramp-up=1 delayedStart=false
2020-05-23 14:17:49,751 INFO o.a.j.t.ThreadGroup: Started thread group number 1
2020-05-23 14:17:49,752 INFO o.a.j.t.JMeterThread: Thread started: tearDown Thread Group 1-1
2020-05-23 14:17:49,825 INFO o.a.j.t.JMeterThread: Thread is done: tearDown Thread Group 1-1
2020-05-23 14:17:49,826 INFO o.a.j.t.JMeterThread: Thread finished: tearDown Thread Group 1-1
2020-05-23 14:17:49,826 INFO o.a.j.e.StandardJMeterEngine: Notifying test listeners of end of test
2020-05-23 14:17:49,826 INFO o.a.j.g.u.JMeterMenuBar: setRunning(false, *local*)
2020-05-23 14:18:11,325 INFO o.a.j.e.StandardJMeterEngine: Running the test!
2020-05-23 14:18:11,325 INFO o.a.j.s.SampleEvent: List of sample_variables: []
2020-05-23 14:18:11,331 ERROR o.a.j.u.BeanShellInterpreter: Error invoking bsh method: eval	In file: inline evaluation of: ``import org.apache.jmeter.services.FileServer fileserver.getFileServer().getBaseD . . . '' Encountered "fileserver" at line 1, column 46.

2020-05-23 14:18:11,331 WARN o.a.j.f.BeanShell: Error running BSH script
org.apache.jorphan.util.JMeterException: Error invoking bsh method: eval	In file: inline evaluation of: ``import org.apache.jmeter.services.FileServer fileserver.getFileServer().getBaseD . . . '' Encountered "fileserver" at line 1, column 46.

	at org.apache.jmeter.util.BeanShellInterpreter.bshInvoke(BeanShellInterpreter.java:180) ~[ApacheJMeter_core.jar:5.2.1]
	at org.apache.jmeter.util.BeanShellInterpreter.eval(BeanShellInterpreter.java:186) ~[ApacheJMeter_core.jar:5.2.1]
	at org.apache.jmeter.functions.BeanShell.execute(BeanShell.java:100) [ApacheJMeter_functions.jar:5.2.1]
	at org.apache.jmeter.engine.util.CompoundVariable.execute(CompoundVariable.java:136) [ApacheJMeter_core.jar:5.2.1]
	at org.apache.jmeter.engine.util.CompoundVariable.execute(CompoundVariable.java:111) [ApacheJMeter_core.jar:5.2.1]
	at org.apache.jmeter.testelement.property.FunctionProperty.getStringValue(FunctionProperty.java:92) [ApacheJMeter_core.jar:5.2.1]
	at org.apache.jmeter.testelement.AbstractTestElement.getPropertyAsString(AbstractTestElement.java:281) [ApacheJMeter_core.jar:5.2.1]
	at org.apache.jmeter.config.Argument.getValue(Argument.java:146) [ApacheJMeter_core.jar:5.2.1]
	at org.apache.jmeter.config.Arguments.getArgumentsAsMap(Arguments.java:94) [ApacheJMeter_core.jar:5.2.1]
	at org.apache.jmeter.engine.PreCompiler.createArgumentsMap(PreCompiler.java:114) [ApacheJMeter_core.jar:5.2.1]
	at org.apache.jmeter.engine.PreCompiler.addNode(PreCompiler.java:101) [ApacheJMeter_core.jar:5.2.1]
	at org.apache.jorphan.collections.HashTree.traverseInto(HashTree.java:994) [jorphan.jar:5.2.1]
	at org.apache.jorphan.collections.HashTree.traverse(HashTree.java:977) [jorphan.jar:5.2.1]
	at org.apache.jmeter.engine.StandardJMeterEngine.run(StandardJMeterEngine.java:362) [ApacheJMeter_core.jar:5.2.1]
	at java.lang.Thread.run(Thread.java:834) [?:?]
Caused by: java.lang.reflect.InvocationTargetException
	at jdk.internal.reflect.NativeMethodAccessorImpl.invoke0(Native Method) ~[?:?]
	at jdk.internal.reflect.NativeMethodAccessorImpl.invoke(NativeMethodAccessorImpl.java:62) ~[?:?]
	at jdk.internal.reflect.DelegatingMethodAccessorImpl.invoke(DelegatingMethodAccessorImpl.java:43) ~[?:?]
	at java.lang.reflect.Method.invoke(Method.java:566) ~[?:?]
	at org.apache.jmeter.util.BeanShellInterpreter.bshInvoke(BeanShellInterpreter.java:163) ~[ApacheJMeter_core.jar:5.2.1]
	... 14 more
Caused by: bsh.ParseException: In file: inline evaluation of: ``import org.apache.jmeter.services.FileServer fileserver.getFileServer().getBaseD . . . '' Encountered "fileserver" at line 1, column 46.

	at bsh.Parser.generateParseException(Parser.java:6106) ~[bsh-2.0b6.jar:2.0b6 2016-02-05 05:16:19]
	at bsh.Parser.jj_consume_token(Parser.java:5977) ~[bsh-2.0b6.jar:2.0b6 2016-02-05 05:16:19]
	at bsh.Parser.ImportDeclaration(Parser.java:480) ~[bsh-2.0b6.jar:2.0b6 2016-02-05 05:16:19]
	at bsh.Parser.BlockStatement(Parser.java:2823) ~[bsh-2.0b6.jar:2.0b6 2016-02-05 05:16:19]
	at bsh.Parser.Line(Parser.java:172) ~[bsh-2.0b6.jar:2.0b6 2016-02-05 05:16:19]
	at bsh.Interpreter.Line(Interpreter.java:1011) ~[bsh-2.0b6.jar:2.0b6 2016-02-05 05:16:19]
	at bsh.Interpreter.eval(Interpreter.java:641) ~[bsh-2.0b6.jar:2.0b6 2016-02-05 05:16:19]
	at bsh.Interpreter.eval(Interpreter.java:750) ~[bsh-2.0b6.jar:2.0b6 2016-02-05 05:16:19]
	at bsh.Interpreter.eval(Interpreter.java:739) ~[bsh-2.0b6.jar:2.0b6 2016-02-05 05:16:19]
	at jdk.internal.reflect.NativeMethodAccessorImpl.invoke0(Native Method) ~[?:?]
	at jdk.internal.reflect.NativeMethodAccessorImpl.invoke(NativeMethodAccessorImpl.java:62) ~[?:?]
	at jdk.internal.reflect.DelegatingMethodAccessorImpl.invoke(DelegatingMethodAccessorImpl.java:43) ~[?:?]
	at java.lang.reflect.Method.invoke(Method.java:566) ~[?:?]
	at org.apache.jmeter.util.BeanShellInterpreter.bshInvoke(BeanShellInterpreter.java:163) ~[ApacheJMeter_core.jar:5.2.1]
	... 14 more
2020-05-23 14:18:11,341 INFO o.a.j.g.u.JMeterMenuBar: setRunning(true, *local*)
2020-05-23 14:18:11,389 INFO o.a.j.e.StandardJMeterEngine: Starting ThreadGroup: 1 : Users Thread Group
2020-05-23 14:18:11,389 INFO o.a.j.e.StandardJMeterEngine: Starting 1 threads for group Users Thread Group.
2020-05-23 14:18:11,389 INFO o.a.j.e.StandardJMeterEngine: Thread will continue on error
2020-05-23 14:18:11,389 INFO o.a.j.t.ThreadGroup: Starting thread group... number=1 threads=1 ramp-up=1 delayedStart=false
2020-05-23 14:18:11,389 INFO o.a.j.t.ThreadGroup: Started thread group number 1
2020-05-23 14:18:11,390 INFO o.a.j.e.StandardJMeterEngine: All thread groups have been started
2020-05-23 14:18:11,390 INFO o.a.j.t.JMeterThread: Thread started: Users Thread Group 1-1
2020-05-23 14:18:11,814 INFO o.a.j.t.JMeterThread: Thread is done: Users Thread Group 1-1
2020-05-23 14:18:11,814 INFO o.a.j.t.JMeterThread: Thread finished: Users Thread Group 1-1
2020-05-23 14:18:11,814 INFO o.a.j.e.StandardJMeterEngine: Starting tearDown thread groups
2020-05-23 14:18:11,815 INFO o.a.j.e.StandardJMeterEngine: Starting tearDown ThreadGroup: 1 : tearDown Thread Group
2020-05-23 14:18:11,815 INFO o.a.j.e.StandardJMeterEngine: Starting 1 threads for group tearDown Thread Group.
2020-05-23 14:18:11,815 INFO o.a.j.e.StandardJMeterEngine: Thread will continue on error
2020-05-23 14:18:11,815 INFO o.a.j.t.ThreadGroup: Starting thread group... number=1 threads=1 ramp-up=1 delayedStart=false
2020-05-23 14:18:11,815 INFO o.a.j.t.ThreadGroup: Started thread group number 1
2020-05-23 14:18:11,816 INFO o.a.j.t.JMeterThread: Thread started: tearDown Thread Group 1-1
2020-05-23 14:18:11,821 INFO o.a.j.t.JMeterThread: Thread is done: tearDown Thread Group 1-1
2020-05-23 14:18:11,821 INFO o.a.j.t.JMeterThread: Thread finished: tearDown Thread Group 1-1
2020-05-23 14:18:11,821 INFO o.a.j.e.StandardJMeterEngine: Notifying test listeners of end of test
2020-05-23 14:18:11,822 INFO o.a.j.g.u.JMeterMenuBar: setRunning(false, *local*)
2020-05-23 14:20:11,596 INFO o.a.j.e.StandardJMeterEngine: Running the test!
2020-05-23 14:20:11,600 INFO o.a.j.s.SampleEvent: List of sample_variables: []
2020-05-23 14:20:11,623 ERROR o.a.j.u.BeanShellInterpreter: Error invoking bsh method: eval	In file: inline evaluation of: ``import org.apache.jmeter.services.FileServer fileserver.getFileServer().getBaseD . . . '' Encountered "fileserver" at line 1, column 46.

2020-05-23 14:20:11,624 WARN o.a.j.f.BeanShell: Error running BSH script
org.apache.jorphan.util.JMeterException: Error invoking bsh method: eval	In file: inline evaluation of: ``import org.apache.jmeter.services.FileServer fileserver.getFileServer().getBaseD . . . '' Encountered "fileserver" at line 1, column 46.

	at org.apache.jmeter.util.BeanShellInterpreter.bshInvoke(BeanShellInterpreter.java:180) ~[ApacheJMeter_core.jar:5.2.1]
	at org.apache.jmeter.util.BeanShellInterpreter.eval(BeanShellInterpreter.java:186) ~[ApacheJMeter_core.jar:5.2.1]
	at org.apache.jmeter.functions.BeanShell.execute(BeanShell.java:100) [ApacheJMeter_functions.jar:5.2.1]
	at org.apache.jmeter.engine.util.CompoundVariable.execute(CompoundVariable.java:136) [ApacheJMeter_core.jar:5.2.1]
	at org.apache.jmeter.engine.util.CompoundVariable.execute(CompoundVariable.java:111) [ApacheJMeter_core.jar:5.2.1]
	at org.apache.jmeter.testelement.property.FunctionProperty.getStringValue(FunctionProperty.java:92) [ApacheJMeter_core.jar:5.2.1]
	at org.apache.jmeter.testelement.AbstractTestElement.getPropertyAsString(AbstractTestElement.java:281) [ApacheJMeter_core.jar:5.2.1]
	at org.apache.jmeter.config.Argument.getValue(Argument.java:146) [ApacheJMeter_core.jar:5.2.1]
	at org.apache.jmeter.config.Arguments.getArgumentsAsMap(Arguments.java:94) [ApacheJMeter_core.jar:5.2.1]
	at org.apache.jmeter.engine.PreCompiler.createArgumentsMap(PreCompiler.java:114) [ApacheJMeter_core.jar:5.2.1]
	at org.apache.jmeter.engine.PreCompiler.addNode(PreCompiler.java:101) [ApacheJMeter_core.jar:5.2.1]
	at org.apache.jorphan.collections.HashTree.traverseInto(HashTree.java:994) [jorphan.jar:5.2.1]
	at org.apache.jorphan.collections.HashTree.traverse(HashTree.java:977) [jorphan.jar:5.2.1]
	at org.apache.jmeter.engine.StandardJMeterEngine.run(StandardJMeterEngine.java:362) [ApacheJMeter_core.jar:5.2.1]
	at java.lang.Thread.run(Thread.java:834) [?:?]
Caused by: java.lang.reflect.InvocationTargetException
	at jdk.internal.reflect.NativeMethodAccessorImpl.invoke0(Native Method) ~[?:?]
	at jdk.internal.reflect.NativeMethodAccessorImpl.invoke(NativeMethodAccessorImpl.java:62) ~[?:?]
	at jdk.internal.reflect.DelegatingMethodAccessorImpl.invoke(DelegatingMethodAccessorImpl.java:43) ~[?:?]
	at java.lang.reflect.Method.invoke(Method.java:566) ~[?:?]
	at org.apache.jmeter.util.BeanShellInterpreter.bshInvoke(BeanShellInterpreter.java:163) ~[ApacheJMeter_core.jar:5.2.1]
	... 14 more
Caused by: bsh.ParseException: In file: inline evaluation of: ``import org.apache.jmeter.services.FileServer fileserver.getFileServer().getBaseD . . . '' Encountered "fileserver" at line 1, column 46.

	at bsh.Parser.generateParseException(Parser.java:6106) ~[bsh-2.0b6.jar:2.0b6 2016-02-05 05:16:19]
	at bsh.Parser.jj_consume_token(Parser.java:5977) ~[bsh-2.0b6.jar:2.0b6 2016-02-05 05:16:19]
	at bsh.Parser.ImportDeclaration(Parser.java:480) ~[bsh-2.0b6.jar:2.0b6 2016-02-05 05:16:19]
	at bsh.Parser.BlockStatement(Parser.java:2823) ~[bsh-2.0b6.jar:2.0b6 2016-02-05 05:16:19]
	at bsh.Parser.Line(Parser.java:172) ~[bsh-2.0b6.jar:2.0b6 2016-02-05 05:16:19]
	at bsh.Interpreter.Line(Interpreter.java:1011) ~[bsh-2.0b6.jar:2.0b6 2016-02-05 05:16:19]
	at bsh.Interpreter.eval(Interpreter.java:641) ~[bsh-2.0b6.jar:2.0b6 2016-02-05 05:16:19]
	at bsh.Interpreter.eval(Interpreter.java:750) ~[bsh-2.0b6.jar:2.0b6 2016-02-05 05:16:19]
	at bsh.Interpreter.eval(Interpreter.java:739) ~[bsh-2.0b6.jar:2.0b6 2016-02-05 05:16:19]
	at jdk.internal.reflect.NativeMethodAccessorImpl.invoke0(Native Method) ~[?:?]
	at jdk.internal.reflect.NativeMethodAccessorImpl.invoke(NativeMethodAccessorImpl.java:62) ~[?:?]
	at jdk.internal.reflect.DelegatingMethodAccessorImpl.invoke(DelegatingMethodAccessorImpl.java:43) ~[?:?]
	at java.lang.reflect.Method.invoke(Method.java:566) ~[?:?]
	at org.apache.jmeter.util.BeanShellInterpreter.bshInvoke(BeanShellInterpreter.java:163) ~[ApacheJMeter_core.jar:5.2.1]
	... 14 more
2020-05-23 14:20:11,628 INFO o.a.j.g.u.JMeterMenuBar: setRunning(true, *local*)
2020-05-23 14:20:11,772 INFO o.a.j.e.StandardJMeterEngine: Starting ThreadGroup: 1 : Users Thread Group
2020-05-23 14:20:11,772 INFO o.a.j.e.StandardJMeterEngine: Starting 1 threads for group Users Thread Group.
2020-05-23 14:20:11,772 INFO o.a.j.e.StandardJMeterEngine: Thread will continue on error
2020-05-23 14:20:11,773 INFO o.a.j.t.ThreadGroup: Starting thread group... number=1 threads=1 ramp-up=1 delayedStart=false
2020-05-23 14:20:11,773 INFO o.a.j.t.ThreadGroup: Started thread group number 1
2020-05-23 14:20:11,773 INFO o.a.j.e.StandardJMeterEngine: All thread groups have been started
2020-05-23 14:20:11,774 INFO o.a.j.t.JMeterThread: Thread started: Users Thread Group 1-1
2020-05-23 14:20:13,408 INFO o.a.j.t.JMeterThread: Thread is done: Users Thread Group 1-1
2020-05-23 14:20:13,408 INFO o.a.j.t.JMeterThread: Thread finished: Users Thread Group 1-1
2020-05-23 14:20:13,408 INFO o.a.j.e.StandardJMeterEngine: Starting tearDown thread groups
2020-05-23 14:20:13,409 INFO o.a.j.e.StandardJMeterEngine: Starting tearDown ThreadGroup: 1 : tearDown Thread Group
2020-05-23 14:20:13,409 INFO o.a.j.e.StandardJMeterEngine: Starting 1 threads for group tearDown Thread Group.
2020-05-23 14:20:13,409 INFO o.a.j.e.StandardJMeterEngine: Thread will continue on error
2020-05-23 14:20:13,409 INFO o.a.j.t.ThreadGroup: Starting thread group... number=1 threads=1 ramp-up=1 delayedStart=false
2020-05-23 14:20:13,410 INFO o.a.j.t.ThreadGroup: Started thread group number 1
2020-05-23 14:20:13,410 INFO o.a.j.t.JMeterThread: Thread started: tearDown Thread Group 1-1
2020-05-23 14:20:13,417 INFO o.a.j.t.JMeterThread: Thread is done: tearDown Thread Group 1-1
2020-05-23 14:20:13,418 INFO o.a.j.t.JMeterThread: Thread finished: tearDown Thread Group 1-1
2020-05-23 14:20:13,418 INFO o.a.j.e.StandardJMeterEngine: Notifying test listeners of end of test
2020-05-23 14:20:13,418 INFO o.a.j.g.u.JMeterMenuBar: setRunning(false, *local*)
2020-05-23 14:32:18,200 INFO o.a.j.e.StandardJMeterEngine: Running the test!
2020-05-23 14:32:18,203 INFO o.a.j.s.SampleEvent: List of sample_variables: []
2020-05-23 14:32:18,228 ERROR o.a.j.u.BeanShellInterpreter: Error invoking bsh method: eval	In file: inline evaluation of: ``import org.apache.jmeter.services.FileServer fileserver.getFileServer().getBaseD . . . '' Encountered "fileserver" at line 1, column 46.

2020-05-23 14:32:18,228 WARN o.a.j.f.BeanShell: Error running BSH script
org.apache.jorphan.util.JMeterException: Error invoking bsh method: eval	In file: inline evaluation of: ``import org.apache.jmeter.services.FileServer fileserver.getFileServer().getBaseD . . . '' Encountered "fileserver" at line 1, column 46.

	at org.apache.jmeter.util.BeanShellInterpreter.bshInvoke(BeanShellInterpreter.java:180) ~[ApacheJMeter_core.jar:5.2.1]
	at org.apache.jmeter.util.BeanShellInterpreter.eval(BeanShellInterpreter.java:186) ~[ApacheJMeter_core.jar:5.2.1]
	at org.apache.jmeter.functions.BeanShell.execute(BeanShell.java:100) [ApacheJMeter_functions.jar:5.2.1]
	at org.apache.jmeter.engine.util.CompoundVariable.execute(CompoundVariable.java:136) [ApacheJMeter_core.jar:5.2.1]
	at org.apache.jmeter.engine.util.CompoundVariable.execute(CompoundVariable.java:111) [ApacheJMeter_core.jar:5.2.1]
	at org.apache.jmeter.testelement.property.FunctionProperty.getStringValue(FunctionProperty.java:92) [ApacheJMeter_core.jar:5.2.1]
	at org.apache.jmeter.testelement.AbstractTestElement.getPropertyAsString(AbstractTestElement.java:281) [ApacheJMeter_core.jar:5.2.1]
	at org.apache.jmeter.config.Argument.getValue(Argument.java:146) [ApacheJMeter_core.jar:5.2.1]
	at org.apache.jmeter.config.Arguments.getArgumentsAsMap(Arguments.java:94) [ApacheJMeter_core.jar:5.2.1]
	at org.apache.jmeter.engine.PreCompiler.createArgumentsMap(PreCompiler.java:114) [ApacheJMeter_core.jar:5.2.1]
	at org.apache.jmeter.engine.PreCompiler.addNode(PreCompiler.java:101) [ApacheJMeter_core.jar:5.2.1]
	at org.apache.jorphan.collections.HashTree.traverseInto(HashTree.java:994) [jorphan.jar:5.2.1]
	at org.apache.jorphan.collections.HashTree.traverse(HashTree.java:977) [jorphan.jar:5.2.1]
	at org.apache.jmeter.engine.StandardJMeterEngine.run(StandardJMeterEngine.java:362) [ApacheJMeter_core.jar:5.2.1]
	at java.lang.Thread.run(Thread.java:834) [?:?]
Caused by: java.lang.reflect.InvocationTargetException
	at jdk.internal.reflect.NativeMethodAccessorImpl.invoke0(Native Method) ~[?:?]
	at jdk.internal.reflect.NativeMethodAccessorImpl.invoke(NativeMethodAccessorImpl.java:62) ~[?:?]
	at jdk.internal.reflect.DelegatingMethodAccessorImpl.invoke(DelegatingMethodAccessorImpl.java:43) ~[?:?]
	at java.lang.reflect.Method.invoke(Method.java:566) ~[?:?]
	at org.apache.jmeter.util.BeanShellInterpreter.bshInvoke(BeanShellInterpreter.java:163) ~[ApacheJMeter_core.jar:5.2.1]
	... 14 more
Caused by: bsh.ParseException: In file: inline evaluation of: ``import org.apache.jmeter.services.FileServer fileserver.getFileServer().getBaseD . . . '' Encountered "fileserver" at line 1, column 46.

	at bsh.Parser.generateParseException(Parser.java:6106) ~[bsh-2.0b6.jar:2.0b6 2016-02-05 05:16:19]
	at bsh.Parser.jj_consume_token(Parser.java:5977) ~[bsh-2.0b6.jar:2.0b6 2016-02-05 05:16:19]
	at bsh.Parser.ImportDeclaration(Parser.java:480) ~[bsh-2.0b6.jar:2.0b6 2016-02-05 05:16:19]
	at bsh.Parser.BlockStatement(Parser.java:2823) ~[bsh-2.0b6.jar:2.0b6 2016-02-05 05:16:19]
	at bsh.Parser.Line(Parser.java:172) ~[bsh-2.0b6.jar:2.0b6 2016-02-05 05:16:19]
	at bsh.Interpreter.Line(Interpreter.java:1011) ~[bsh-2.0b6.jar:2.0b6 2016-02-05 05:16:19]
	at bsh.Interpreter.eval(Interpreter.java:641) ~[bsh-2.0b6.jar:2.0b6 2016-02-05 05:16:19]
	at bsh.Interpreter.eval(Interpreter.java:750) ~[bsh-2.0b6.jar:2.0b6 2016-02-05 05:16:19]
	at bsh.Interpreter.eval(Interpreter.java:739) ~[bsh-2.0b6.jar:2.0b6 2016-02-05 05:16:19]
	at jdk.internal.reflect.NativeMethodAccessorImpl.invoke0(Native Method) ~[?:?]
	at jdk.internal.reflect.NativeMethodAccessorImpl.invoke(NativeMethodAccessorImpl.java:62) ~[?:?]
	at jdk.internal.reflect.DelegatingMethodAccessorImpl.invoke(DelegatingMethodAccessorImpl.java:43) ~[?:?]
	at java.lang.reflect.Method.invoke(Method.java:566) ~[?:?]
	at org.apache.jmeter.util.BeanShellInterpreter.bshInvoke(BeanShellInterpreter.java:163) ~[ApacheJMeter_core.jar:5.2.1]
	... 14 more
2020-05-23 14:32:18,231 INFO o.a.j.g.u.JMeterMenuBar: setRunning(true, *local*)
2020-05-23 14:32:18,351 INFO o.a.j.e.StandardJMeterEngine: Starting ThreadGroup: 1 : Users Thread Group
2020-05-23 14:32:18,351 INFO o.a.j.e.StandardJMeterEngine: Starting 1 threads for group Users Thread Group.
2020-05-23 14:32:18,352 INFO o.a.j.e.StandardJMeterEngine: Thread will continue on error
2020-05-23 14:32:18,352 INFO o.a.j.t.ThreadGroup: Starting thread group... number=1 threads=1 ramp-up=1 delayedStart=false
2020-05-23 14:32:18,353 INFO o.a.j.t.ThreadGroup: Started thread group number 1
2020-05-23 14:32:18,353 INFO o.a.j.e.StandardJMeterEngine: All thread groups have been started
2020-05-23 14:32:18,358 INFO o.a.j.t.JMeterThread: Thread started: Users Thread Group 1-1
2020-05-23 14:32:19,535 INFO o.a.j.t.JMeterThread: Thread is done: Users Thread Group 1-1
2020-05-23 14:32:19,535 INFO o.a.j.t.JMeterThread: Thread finished: Users Thread Group 1-1
2020-05-23 14:32:19,535 INFO o.a.j.e.StandardJMeterEngine: Starting tearDown thread groups
2020-05-23 14:32:19,535 INFO o.a.j.e.StandardJMeterEngine: Starting tearDown ThreadGroup: 1 : tearDown Thread Group
2020-05-23 14:32:19,535 INFO o.a.j.e.StandardJMeterEngine: Starting 1 threads for group tearDown Thread Group.
2020-05-23 14:32:19,535 INFO o.a.j.e.StandardJMeterEngine: Thread will continue on error
2020-05-23 14:32:19,535 INFO o.a.j.t.ThreadGroup: Starting thread group... number=1 threads=1 ramp-up=1 delayedStart=false
2020-05-23 14:32:19,536 INFO o.a.j.t.ThreadGroup: Started thread group number 1
2020-05-23 14:32:19,536 INFO o.a.j.t.JMeterThread: Thread started: tearDown Thread Group 1-1
2020-05-23 14:32:19,547 INFO o.a.j.t.JMeterThread: Thread is done: tearDown Thread Group 1-1
2020-05-23 14:32:19,547 INFO o.a.j.t.JMeterThread: Thread finished: tearDown Thread Group 1-1
2020-05-23 14:32:19,547 INFO o.a.j.e.StandardJMeterEngine: Notifying test listeners of end of test
2020-05-23 14:32:19,547 INFO o.a.j.g.u.JMeterMenuBar: setRunning(false, *local*)
2020-05-23 14:35:12,943 INFO o.a.j.e.StandardJMeterEngine: Running the test!
2020-05-23 14:35:12,947 INFO o.a.j.s.SampleEvent: List of sample_variables: []
2020-05-23 14:35:12,968 ERROR o.a.j.u.BeanShellInterpreter: Error invoking bsh method: eval	In file: inline evaluation of: ``import org.apache.jmeter.services.FileServer fileserver.getFileServer().getBaseD . . . '' Encountered "fileserver" at line 1, column 46.

2020-05-23 14:35:12,969 WARN o.a.j.f.BeanShell: Error running BSH script
org.apache.jorphan.util.JMeterException: Error invoking bsh method: eval	In file: inline evaluation of: ``import org.apache.jmeter.services.FileServer fileserver.getFileServer().getBaseD . . . '' Encountered "fileserver" at line 1, column 46.

	at org.apache.jmeter.util.BeanShellInterpreter.bshInvoke(BeanShellInterpreter.java:180) ~[ApacheJMeter_core.jar:5.2.1]
	at org.apache.jmeter.util.BeanShellInterpreter.eval(BeanShellInterpreter.java:186) ~[ApacheJMeter_core.jar:5.2.1]
	at org.apache.jmeter.functions.BeanShell.execute(BeanShell.java:100) [ApacheJMeter_functions.jar:5.2.1]
	at org.apache.jmeter.engine.util.CompoundVariable.execute(CompoundVariable.java:136) [ApacheJMeter_core.jar:5.2.1]
	at org.apache.jmeter.engine.util.CompoundVariable.execute(CompoundVariable.java:111) [ApacheJMeter_core.jar:5.2.1]
	at org.apache.jmeter.testelement.property.FunctionProperty.getStringValue(FunctionProperty.java:92) [ApacheJMeter_core.jar:5.2.1]
	at org.apache.jmeter.testelement.AbstractTestElement.getPropertyAsString(AbstractTestElement.java:281) [ApacheJMeter_core.jar:5.2.1]
	at org.apache.jmeter.config.Argument.getValue(Argument.java:146) [ApacheJMeter_core.jar:5.2.1]
	at org.apache.jmeter.config.Arguments.getArgumentsAsMap(Arguments.java:94) [ApacheJMeter_core.jar:5.2.1]
	at org.apache.jmeter.engine.PreCompiler.createArgumentsMap(PreCompiler.java:114) [ApacheJMeter_core.jar:5.2.1]
	at org.apache.jmeter.engine.PreCompiler.addNode(PreCompiler.java:101) [ApacheJMeter_core.jar:5.2.1]
	at org.apache.jorphan.collections.HashTree.traverseInto(HashTree.java:994) [jorphan.jar:5.2.1]
	at org.apache.jorphan.collections.HashTree.traverse(HashTree.java:977) [jorphan.jar:5.2.1]
	at org.apache.jmeter.engine.StandardJMeterEngine.run(StandardJMeterEngine.java:362) [ApacheJMeter_core.jar:5.2.1]
	at java.lang.Thread.run(Thread.java:834) [?:?]
Caused by: java.lang.reflect.InvocationTargetException
	at jdk.internal.reflect.NativeMethodAccessorImpl.invoke0(Native Method) ~[?:?]
	at jdk.internal.reflect.NativeMethodAccessorImpl.invoke(NativeMethodAccessorImpl.java:62) ~[?:?]
	at jdk.internal.reflect.DelegatingMethodAccessorImpl.invoke(DelegatingMethodAccessorImpl.java:43) ~[?:?]
	at java.lang.reflect.Method.invoke(Method.java:566) ~[?:?]
	at org.apache.jmeter.util.BeanShellInterpreter.bshInvoke(BeanShellInterpreter.java:163) ~[ApacheJMeter_core.jar:5.2.1]
	... 14 more
Caused by: bsh.ParseException: In file: inline evaluation of: ``import org.apache.jmeter.services.FileServer fileserver.getFileServer().getBaseD . . . '' Encountered "fileserver" at line 1, column 46.

	at bsh.Parser.generateParseException(Parser.java:6106) ~[bsh-2.0b6.jar:2.0b6 2016-02-05 05:16:19]
	at bsh.Parser.jj_consume_token(Parser.java:5977) ~[bsh-2.0b6.jar:2.0b6 2016-02-05 05:16:19]
	at bsh.Parser.ImportDeclaration(Parser.java:480) ~[bsh-2.0b6.jar:2.0b6 2016-02-05 05:16:19]
	at bsh.Parser.BlockStatement(Parser.java:2823) ~[bsh-2.0b6.jar:2.0b6 2016-02-05 05:16:19]
	at bsh.Parser.Line(Parser.java:172) ~[bsh-2.0b6.jar:2.0b6 2016-02-05 05:16:19]
	at bsh.Interpreter.Line(Interpreter.java:1011) ~[bsh-2.0b6.jar:2.0b6 2016-02-05 05:16:19]
	at bsh.Interpreter.eval(Interpreter.java:641) ~[bsh-2.0b6.jar:2.0b6 2016-02-05 05:16:19]
	at bsh.Interpreter.eval(Interpreter.java:750) ~[bsh-2.0b6.jar:2.0b6 2016-02-05 05:16:19]
	at bsh.Interpreter.eval(Interpreter.java:739) ~[bsh-2.0b6.jar:2.0b6 2016-02-05 05:16:19]
	at jdk.internal.reflect.NativeMethodAccessorImpl.invoke0(Native Method) ~[?:?]
	at jdk.internal.reflect.NativeMethodAccessorImpl.invoke(NativeMethodAccessorImpl.java:62) ~[?:?]
	at jdk.internal.reflect.DelegatingMethodAccessorImpl.invoke(DelegatingMethodAccessorImpl.java:43) ~[?:?]
	at java.lang.reflect.Method.invoke(Method.java:566) ~[?:?]
	at org.apache.jmeter.util.BeanShellInterpreter.bshInvoke(BeanShellInterpreter.java:163) ~[ApacheJMeter_core.jar:5.2.1]
	... 14 more
2020-05-23 14:35:12,972 INFO o.a.j.g.u.JMeterMenuBar: setRunning(true, *local*)
2020-05-23 14:35:13,079 INFO o.a.j.e.StandardJMeterEngine: Starting ThreadGroup: 1 : Users Thread Group
2020-05-23 14:35:13,079 INFO o.a.j.e.StandardJMeterEngine: Starting 1 threads for group Users Thread Group.
2020-05-23 14:35:13,079 INFO o.a.j.e.StandardJMeterEngine: Thread will continue on error
2020-05-23 14:35:13,079 INFO o.a.j.t.ThreadGroup: Starting thread group... number=1 threads=1 ramp-up=1 delayedStart=false
2020-05-23 14:35:13,080 INFO o.a.j.t.ThreadGroup: Started thread group number 1
2020-05-23 14:35:13,080 INFO o.a.j.e.StandardJMeterEngine: All thread groups have been started
2020-05-23 14:35:13,080 INFO o.a.j.t.JMeterThread: Thread started: Users Thread Group 1-1
2020-05-23 14:35:14,466 INFO o.a.j.t.JMeterThread: Thread is done: Users Thread Group 1-1
2020-05-23 14:35:14,466 INFO o.a.j.t.JMeterThread: Thread finished: Users Thread Group 1-1
2020-05-23 14:35:14,466 INFO o.a.j.e.StandardJMeterEngine: Starting tearDown thread groups
2020-05-23 14:35:14,466 INFO o.a.j.e.StandardJMeterEngine: Starting tearDown ThreadGroup: 1 : tearDown Thread Group
2020-05-23 14:35:14,466 INFO o.a.j.e.StandardJMeterEngine: Starting 1 threads for group tearDown Thread Group.
2020-05-23 14:35:14,467 INFO o.a.j.e.StandardJMeterEngine: Thread will continue on error
2020-05-23 14:35:14,467 INFO o.a.j.t.ThreadGroup: Starting thread group... number=1 threads=1 ramp-up=1 delayedStart=false
2020-05-23 14:35:14,467 INFO o.a.j.t.ThreadGroup: Started thread group number 1
2020-05-23 14:35:14,468 INFO o.a.j.t.JMeterThread: Thread started: tearDown Thread Group 1-1
2020-05-23 14:35:14,478 INFO o.a.j.t.JMeterThread: Thread is done: tearDown Thread Group 1-1
2020-05-23 14:35:14,478 INFO o.a.j.t.JMeterThread: Thread finished: tearDown Thread Group 1-1
2020-05-23 14:35:14,479 INFO o.a.j.e.StandardJMeterEngine: Notifying test listeners of end of test
2020-05-23 14:35:14,479 INFO o.a.j.g.u.JMeterMenuBar: setRunning(false, *local*)
2020-05-23 14:41:19,147 INFO o.a.j.e.StandardJMeterEngine: Running the test!
2020-05-23 14:41:19,148 INFO o.a.j.s.SampleEvent: List of sample_variables: []
2020-05-23 14:41:19,157 ERROR o.a.j.u.BeanShellInterpreter: Error invoking bsh method: eval	In file: inline evaluation of: ``import org.apache.jmeter.services.FileServer fileserver.getFileServer().getBaseD . . . '' Encountered "fileserver" at line 1, column 46.

2020-05-23 14:41:19,158 WARN o.a.j.f.BeanShell: Error running BSH script
org.apache.jorphan.util.JMeterException: Error invoking bsh method: eval	In file: inline evaluation of: ``import org.apache.jmeter.services.FileServer fileserver.getFileServer().getBaseD . . . '' Encountered "fileserver" at line 1, column 46.

	at org.apache.jmeter.util.BeanShellInterpreter.bshInvoke(BeanShellInterpreter.java:180) ~[ApacheJMeter_core.jar:5.2.1]
	at org.apache.jmeter.util.BeanShellInterpreter.eval(BeanShellInterpreter.java:186) ~[ApacheJMeter_core.jar:5.2.1]
	at org.apache.jmeter.functions.BeanShell.execute(BeanShell.java:100) [ApacheJMeter_functions.jar:5.2.1]
	at org.apache.jmeter.engine.util.CompoundVariable.execute(CompoundVariable.java:136) [ApacheJMeter_core.jar:5.2.1]
	at org.apache.jmeter.engine.util.CompoundVariable.execute(CompoundVariable.java:111) [ApacheJMeter_core.jar:5.2.1]
	at org.apache.jmeter.testelement.property.FunctionProperty.getStringValue(FunctionProperty.java:92) [ApacheJMeter_core.jar:5.2.1]
	at org.apache.jmeter.testelement.AbstractTestElement.getPropertyAsString(AbstractTestElement.java:281) [ApacheJMeter_core.jar:5.2.1]
	at org.apache.jmeter.config.Argument.getValue(Argument.java:146) [ApacheJMeter_core.jar:5.2.1]
	at org.apache.jmeter.config.Arguments.getArgumentsAsMap(Arguments.java:94) [ApacheJMeter_core.jar:5.2.1]
	at org.apache.jmeter.engine.PreCompiler.createArgumentsMap(PreCompiler.java:114) [ApacheJMeter_core.jar:5.2.1]
	at org.apache.jmeter.engine.PreCompiler.addNode(PreCompiler.java:101) [ApacheJMeter_core.jar:5.2.1]
	at org.apache.jorphan.collections.HashTree.traverseInto(HashTree.java:994) [jorphan.jar:5.2.1]
	at org.apache.jorphan.collections.HashTree.traverse(HashTree.java:977) [jorphan.jar:5.2.1]
	at org.apache.jmeter.engine.StandardJMeterEngine.run(StandardJMeterEngine.java:362) [ApacheJMeter_core.jar:5.2.1]
	at java.lang.Thread.run(Thread.java:834) [?:?]
Caused by: java.lang.reflect.InvocationTargetException
	at jdk.internal.reflect.NativeMethodAccessorImpl.invoke0(Native Method) ~[?:?]
	at jdk.internal.reflect.NativeMethodAccessorImpl.invoke(NativeMethodAccessorImpl.java:62) ~[?:?]
	at jdk.internal.reflect.DelegatingMethodAccessorImpl.invoke(DelegatingMethodAccessorImpl.java:43) ~[?:?]
	at java.lang.reflect.Method.invoke(Method.java:566) ~[?:?]
	at org.apache.jmeter.util.BeanShellInterpreter.bshInvoke(BeanShellInterpreter.java:163) ~[ApacheJMeter_core.jar:5.2.1]
	... 14 more
Caused by: bsh.ParseException: In file: inline evaluation of: ``import org.apache.jmeter.services.FileServer fileserver.getFileServer().getBaseD . . . '' Encountered "fileserver" at line 1, column 46.

	at bsh.Parser.generateParseException(Parser.java:6106) ~[bsh-2.0b6.jar:2.0b6 2016-02-05 05:16:19]
	at bsh.Parser.jj_consume_token(Parser.java:5977) ~[bsh-2.0b6.jar:2.0b6 2016-02-05 05:16:19]
	at bsh.Parser.ImportDeclaration(Parser.java:480) ~[bsh-2.0b6.jar:2.0b6 2016-02-05 05:16:19]
	at bsh.Parser.BlockStatement(Parser.java:2823) ~[bsh-2.0b6.jar:2.0b6 2016-02-05 05:16:19]
	at bsh.Parser.Line(Parser.java:172) ~[bsh-2.0b6.jar:2.0b6 2016-02-05 05:16:19]
	at bsh.Interpreter.Line(Interpreter.java:1011) ~[bsh-2.0b6.jar:2.0b6 2016-02-05 05:16:19]
	at bsh.Interpreter.eval(Interpreter.java:641) ~[bsh-2.0b6.jar:2.0b6 2016-02-05 05:16:19]
	at bsh.Interpreter.eval(Interpreter.java:750) ~[bsh-2.0b6.jar:2.0b6 2016-02-05 05:16:19]
	at bsh.Interpreter.eval(Interpreter.java:739) ~[bsh-2.0b6.jar:2.0b6 2016-02-05 05:16:19]
	at jdk.internal.reflect.NativeMethodAccessorImpl.invoke0(Native Method) ~[?:?]
	at jdk.internal.reflect.NativeMethodAccessorImpl.invoke(NativeMethodAccessorImpl.java:62) ~[?:?]
	at jdk.internal.reflect.DelegatingMethodAccessorImpl.invoke(DelegatingMethodAccessorImpl.java:43) ~[?:?]
	at java.lang.reflect.Method.invoke(Method.java:566) ~[?:?]
	at org.apache.jmeter.util.BeanShellInterpreter.bshInvoke(BeanShellInterpreter.java:163) ~[ApacheJMeter_core.jar:5.2.1]
	... 14 more
2020-05-23 14:41:19,165 INFO o.a.j.g.u.JMeterMenuBar: setRunning(true, *local*)
2020-05-23 14:41:19,328 INFO o.a.j.e.StandardJMeterEngine: Starting ThreadGroup: 1 : Users Thread Group
2020-05-23 14:41:19,328 INFO o.a.j.e.StandardJMeterEngine: Starting 1 threads for group Users Thread Group.
2020-05-23 14:41:19,328 INFO o.a.j.e.StandardJMeterEngine: Thread will continue on error
2020-05-23 14:41:19,328 INFO o.a.j.t.ThreadGroup: Starting thread group... number=1 threads=1 ramp-up=1 delayedStart=false
2020-05-23 14:41:19,330 INFO o.a.j.t.ThreadGroup: Started thread group number 1
2020-05-23 14:41:19,330 INFO o.a.j.e.StandardJMeterEngine: All thread groups have been started
2020-05-23 14:41:19,331 INFO o.a.j.t.JMeterThread: Thread started: Users Thread Group 1-1
2020-05-23 14:41:20,546 INFO o.a.j.t.JMeterThread: Thread is done: Users Thread Group 1-1
2020-05-23 14:41:20,546 INFO o.a.j.t.JMeterThread: Thread finished: Users Thread Group 1-1
2020-05-23 14:41:20,548 INFO o.a.j.e.StandardJMeterEngine: Starting tearDown thread groups
2020-05-23 14:41:20,548 INFO o.a.j.e.StandardJMeterEngine: Starting tearDown ThreadGroup: 1 : tearDown Thread Group
2020-05-23 14:41:20,548 INFO o.a.j.e.StandardJMeterEngine: Starting 1 threads for group tearDown Thread Group.
2020-05-23 14:41:20,548 INFO o.a.j.e.StandardJMeterEngine: Thread will continue on error
2020-05-23 14:41:20,548 INFO o.a.j.t.ThreadGroup: Starting thread group... number=1 threads=1 ramp-up=1 delayedStart=false
2020-05-23 14:41:20,550 INFO o.a.j.t.ThreadGroup: Started thread group number 1
2020-05-23 14:41:20,551 INFO o.a.j.t.JMeterThread: Thread started: tearDown Thread Group 1-1
2020-05-23 14:41:20,558 INFO o.a.j.t.JMeterThread: Thread is done: tearDown Thread Group 1-1
2020-05-23 14:41:20,558 INFO o.a.j.t.JMeterThread: Thread finished: tearDown Thread Group 1-1
2020-05-23 14:41:20,559 INFO o.a.j.e.StandardJMeterEngine: Notifying test listeners of end of test
2020-05-23 14:41:20,559 INFO o.a.j.g.u.JMeterMenuBar: setRunning(false, *local*)
